[0.033s] Invoking command in '/home/tayya/Nav2_Dock_Robot/build/auto_dock': CMAKE_PREFIX_PATH=${CMAKE_PREFIX_PATH}:/opt/ros/humble /usr/bin/cmake --build /home/tayya/Nav2_Dock_Robot/build/auto_dock -- -j8 -l8
[0.145s] [ 50%] [32mBuilding CXX object CMakeFiles/dock_test.dir/src/dock_test.cpp.o[0m
[6.393s] [01m[K/home/tayya/Nav2_Dock_Robot/src/auto_dock/src/dock_test.cpp:33:19:[m[K [01;31m[Kerror: [m[Kâ€˜[01m[Krclcpp::Future[m[Kâ€™ has not been declared
[6.394s]    33 |     void callback([01;31m[Krclcpp[m[K::Future<std_srvs::srv::Trigger::Response>::SharedPtr future)
[6.394s]       |                   [01;31m[K^~~~~~[m[K
[6.394s] [01m[K/home/tayya/Nav2_Dock_Robot/src/auto_dock/src/dock_test.cpp:33:33:[m[K [01;31m[Kerror: [m[Kexpected â€˜[01m[K,[m[Kâ€™ or â€˜[01m[K...[m[Kâ€™ before â€˜[01m[K<[m[Kâ€™ token
[6.395s]    33 |     void callback(rclcpp::Future[01;31m[K<[m[Kstd_srvs::srv::Trigger::Response>::SharedPtr future)
[6.395s]       |                                 [01;31m[K^[m[K
[6.573s] [01m[K/home/tayya/Nav2_Dock_Robot/src/auto_dock/src/dock_test.cpp:[m[K In member function â€˜[01m[Kvoid DockServerTestNode::send_test_request()[m[Kâ€™:
[6.573s] [01m[K/home/tayya/Nav2_Dock_Robot/src/auto_dock/src/dock_test.cpp:28:32:[m[K [01;31m[Kerror: [m[Kâ€˜[01m[Kusing element_type = class rclcpp::Client<std_srvs::srv::Trigger>[m[Kâ€™ {aka â€˜[01m[Kclass rclcpp::Client<std_srvs::srv::Trigger>[m[Kâ€™} has no member named â€˜[01m[Kasync_call[m[Kâ€™
[6.573s]    28 |         auto future = client_->[01;31m[Kasync_call[m[K(request);
[6.574s]       |                                [01;31m[K^~~~~~~~~~[m[K
[6.586s] [01m[K/home/tayya/Nav2_Dock_Robot/src/auto_dock/src/dock_test.cpp:[m[K In member function â€˜[01m[Kvoid DockServerTestNode::callback(int)[m[Kâ€™:
[6.587s] [01m[K/home/tayya/Nav2_Dock_Robot/src/auto_dock/src/dock_test.cpp:36:29:[m[K [01;31m[Kerror: [m[Kâ€˜[01m[Kfuture[m[Kâ€™ was not declared in this scope; did you mean â€˜[01m[Kstd::future[m[Kâ€™?
[6.587s]    36 |             auto response = [01;31m[Kfuture[m[K->get();
[6.587s]       |                             [01;31m[K^~~~~~[m[K
[6.587s]       |                             [32m[Kstd::future[m[K
[6.588s] In file included from [01m[K/opt/ros/humble/include/rclcpp/rclcpp/executors.hpp:18[m[K,
[6.588s]                  from [01m[K/opt/ros/humble/include/rclcpp/rclcpp/rclcpp.hpp:155[m[K,
[6.588s]                  from [01m[K/home/tayya/Nav2_Dock_Robot/src/auto_dock/src/dock_test.cpp:1[m[K:
[6.588s] [01m[K/usr/include/c++/11/future:124:11:[m[K [01;36m[Knote: [m[Kâ€˜[01m[Kstd::future[m[Kâ€™ declared here
[6.588s]   124 |     class [01;36m[Kfuture[m[K;
[6.589s]       |           [01;36m[K^~~~~~[m[K
[8.303s] gmake[2]: *** [CMakeFiles/dock_test.dir/build.make:76: CMakeFiles/dock_test.dir/src/dock_test.cpp.o] Error 1
[8.304s] gmake[1]: *** [CMakeFiles/Makefile2:137: CMakeFiles/dock_test.dir/all] Error 2
[8.304s] gmake: *** [Makefile:146: all] Error 2
[8.309s] Invoked command in '/home/tayya/Nav2_Dock_Robot/build/auto_dock' returned '2': CMAKE_PREFIX_PATH=${CMAKE_PREFIX_PATH}:/opt/ros/humble /usr/bin/cmake --build /home/tayya/Nav2_Dock_Robot/build/auto_dock -- -j8 -l8
