[0.030s] Invoking command in '/home/tayya/Nav2_Dock_Robot/build/auto_dock': CMAKE_PREFIX_PATH=${CMAKE_PREFIX_PATH}:/opt/ros/humble /usr/bin/cmake --build /home/tayya/Nav2_Dock_Robot/build/auto_dock -- -j8 -l8
[0.155s] [ 50%] [32mBuilding CXX object CMakeFiles/dock_test.dir/src/dock_test.cpp.o[0m
[0.166s] [01m[Kcc1plus:[m[K [01;31m[Kfatal error: [m[K/home/tayya/Nav2_Dock_Robot/src/auto_dock/src/dock_test.cpp: No such file or directory
[0.167s] compilation terminated.
[0.167s] gmake[2]: *** [CMakeFiles/dock_test.dir/build.make:76: CMakeFiles/dock_test.dir/src/dock_test.cpp.o] Error 1
[0.168s] gmake[1]: *** [CMakeFiles/Makefile2:137: CMakeFiles/dock_test.dir/all] Error 2
[0.168s] gmake: *** [Makefile:146: all] Error 2
[0.173s] Invoked command in '/home/tayya/Nav2_Dock_Robot/build/auto_dock' returned '2': CMAKE_PREFIX_PATH=${CMAKE_PREFIX_PATH}:/opt/ros/humble /usr/bin/cmake --build /home/tayya/Nav2_Dock_Robot/build/auto_dock -- -j8 -l8
